> Task :core:checkKotlinGradlePluginConfigurationErrors SKIPPED
> Task :core:compileKotlin UP-TO-DATE
> Task :core:compileJava NO-SOURCE
> Task :core:processResources NO-SOURCE
> Task :core:classes UP-TO-DATE
> Task :core:jar UP-TO-DATE
> Task :core:processTestResources NO-SOURCE

> Task :core:compileTestKotlin FAILED
e: file:///Users/jivie/Projects/decompiler-6502-kotlin/core/src/test/kotlin/interpreter/FullTASValidationTest.kt:357:43 Unresolved reference 'totalFrames'.
e: file:///Users/jivie/Projects/decompiler-6502-kotlin/core/src/test/kotlin/interpreter/FullTASValidationTest.kt:359:41 Unresolved reference 'totalFrames'.

FAILURE: Build failed with an exception.

* What went wrong:
Execution failed for task ':core:compileTestKotlin'.
> A failure occurred while executing org.jetbrains.kotlin.compilerRunner.GradleCompilerRunnerWithWorkers$GradleKotlinCompilerWorkAction
   > Compilation error. See log for more details

* Try:
> Run with --stacktrace option to get the stack trace.
> Run with --info or --debug option to get more log output.
> Run with --scan to get full insights.
> Get more help at https://help.gradle.org.

BUILD FAILED in 646ms
3 actionable tasks: 1 executed, 2 up-to-date
